
Copyright (C) 1994-2023 Synopsys, Inc.
This Synopsys software and all associated documentation are proprietary to Synopsys, Inc.
and may only be used pursuant to the terms and conditions of a written license agreement
with Synopsys, Inc. All other use, reproduction, modification, or distribution of the
Synopsys software or the associated documentation is strictly prohibited.
Tool: Synplify Pro (R)
Build: V-2023.09M-5
Install: /home/livan/Microchip/Libero_SoC_2025.1/Libero_SoC/Synplify_Pro
OS: Ubuntu 24.04.4 LTS
Hostname: libero-VMware-Virtual-Platform
max virtual memory: unlimited (bytes)
max user processes: 31242
max stack size: 8388608 (bytes)


Implementation : synthesis

# Written on Sat Jul 11 00:49:10 2026

##### DESIGN INFO #######################################################

Top View:                "MY_CUSTOM_FPGA_DESIGN_709E0BD6"
Constraint File(s):      "/home/livan/gateware/gateware/work/libero/designer/MY_CUSTOM_FPGA_DESIGN_709E0BD6/synthesis.fdc"




##### SUMMARY ############################################################

Found 2 issues in 1 out of 19 constraints


##### DETAILS ############################################################



Clock Relationships
*******************

Starting                                                                 Ending                                                                   |     rise to rise     |     fall to fall     |     rise to fall     |     fall to rise                     
-------------------------------------------------------------------------------------------------------------------------------------------------------------------------------------------------------------------------------------------------------------
System                                                                   CLOCKS_AND_RESETS_inst_0/FPGA_CCC_C0_0/FPGA_CCC_C0_0/pll_inst_0/OUT0     |     7.512            |     No paths         |     No paths         |     No paths                         
System                                                                   CLOCKS_AND_RESETS_inst_0/FPGA_CCC_C0_0/FPGA_CCC_C0_0/pll_inst_0/OUT3     |     18.779           |     No paths         |     No paths         |     No paths                         
CLOCKS_AND_RESETS_inst_0/FPGA_CCC_C0_0/FPGA_CCC_C0_0/pll_inst_0/OUT0     CLOCKS_AND_RESETS_inst_0/FPGA_CCC_C0_0/FPGA_CCC_C0_0/pll_inst_0/OUT0     |     7.512            |     No paths         |     No paths         |     No paths                         
CLOCKS_AND_RESETS_inst_0/FPGA_CCC_C0_0/FPGA_CCC_C0_0/pll_inst_0/OUT3     CLOCKS_AND_RESETS_inst_0/FPGA_CCC_C0_0/FPGA_CCC_C0_0/pll_inst_0/OUT3     |     18.779           |     No paths         |     No paths         |     No paths                         
=============================================================================================================================================================================================================================================================
 Note: 'No paths' indicates there are no paths in the design for that pair of clock edges.
       'Diff grp' indicates that paths exist but the starting clock and ending clock are in different clock groups.


Unconstrained Start/End Points
******************************

p:ADC_CSn
p:ADC_IRQn
p:ADC_MISO (bidir end point)
p:ADC_MISO (bidir start point)
p:ADC_MOSI (bidir end point)
p:ADC_MOSI (bidir start point)
p:ADC_SCK
p:CA[0]
p:CA[1]
p:CA[2]
p:CA[3]
p:CA[4]
p:CA[5]
p:CK
p:CKE
p:CK_N
p:CS
p:DM[0]
p:DM[1]
p:DM[2]
p:DM[3]
p:DQS[0] (bidir end point)
p:DQS[0] (bidir start point)
p:DQS[1] (bidir end point)
p:DQS[1] (bidir start point)
p:DQS[2] (bidir end point)
p:DQS[2] (bidir start point)
p:DQS[3] (bidir end point)
p:DQS[3] (bidir start point)
p:DQS_N[0] (bidir end point)
p:DQS_N[0] (bidir start point)
p:DQS_N[1] (bidir end point)
p:DQS_N[1] (bidir start point)
p:DQS_N[2] (bidir end point)
p:DQS_N[2] (bidir start point)
p:DQS_N[3] (bidir end point)
p:DQS_N[3] (bidir start point)
p:DQ[0] (bidir end point)
p:DQ[0] (bidir start point)
p:DQ[1] (bidir end point)
p:DQ[1] (bidir start point)
p:DQ[2] (bidir end point)
p:DQ[2] (bidir start point)
p:DQ[3] (bidir end point)
p:DQ[3] (bidir start point)
p:DQ[4] (bidir end point)
p:DQ[4] (bidir start point)
p:DQ[5] (bidir end point)
p:DQ[5] (bidir start point)
p:DQ[6] (bidir end point)
p:DQ[6] (bidir start point)
p:DQ[7] (bidir end point)
p:DQ[7] (bidir start point)
p:DQ[8] (bidir end point)
p:DQ[8] (bidir start point)
p:DQ[9] (bidir end point)
p:DQ[9] (bidir start point)
p:DQ[10] (bidir end point)
p:DQ[10] (bidir start point)
p:DQ[11] (bidir end point)
p:DQ[11] (bidir start point)
p:DQ[12] (bidir end point)
p:DQ[12] (bidir start point)
p:DQ[13] (bidir end point)
p:DQ[13] (bidir start point)
p:DQ[14] (bidir end point)
p:DQ[14] (bidir start point)
p:DQ[15] (bidir end point)
p:DQ[15] (bidir start point)
p:DQ[16] (bidir end point)
p:DQ[16] (bidir start point)
p:DQ[17] (bidir end point)
p:DQ[17] (bidir start point)
p:DQ[18] (bidir end point)
p:DQ[18] (bidir start point)
p:DQ[19] (bidir end point)
p:DQ[19] (bidir start point)
p:DQ[20] (bidir end point)
p:DQ[20] (bidir start point)
p:DQ[21] (bidir end point)
p:DQ[21] (bidir start point)
p:DQ[22] (bidir end point)
p:DQ[22] (bidir start point)
p:DQ[23] (bidir end point)
p:DQ[23] (bidir start point)
p:DQ[24] (bidir end point)
p:DQ[24] (bidir start point)
p:DQ[25] (bidir end point)
p:DQ[25] (bidir start point)
p:DQ[26] (bidir end point)
p:DQ[26] (bidir start point)
p:DQ[27] (bidir end point)
p:DQ[27] (bidir start point)
p:DQ[28] (bidir end point)
p:DQ[28] (bidir start point)
p:DQ[29] (bidir end point)
p:DQ[29] (bidir start point)
p:DQ[30] (bidir end point)
p:DQ[30] (bidir start point)
p:DQ[31] (bidir end point)
p:DQ[31] (bidir start point)
p:EMMC_CLK
p:EMMC_CMD (bidir end point)
p:EMMC_CMD (bidir start point)
p:EMMC_DATA[0] (bidir end point)
p:EMMC_DATA[0] (bidir start point)
p:EMMC_DATA[1] (bidir end point)
p:EMMC_DATA[1] (bidir start point)
p:EMMC_DATA[2] (bidir end point)
p:EMMC_DATA[2] (bidir start point)
p:EMMC_DATA[3] (bidir end point)
p:EMMC_DATA[3] (bidir start point)
p:EMMC_DATA[4] (bidir end point)
p:EMMC_DATA[4] (bidir start point)
p:EMMC_DATA[5] (bidir end point)
p:EMMC_DATA[5] (bidir start point)
p:EMMC_DATA[6] (bidir end point)
p:EMMC_DATA[6] (bidir start point)
p:EMMC_DATA[7] (bidir end point)
p:EMMC_DATA[7] (bidir start point)
p:EMMC_RSTN
p:EMMC_STRB
p:I2C_1_SCL (bidir end point)
p:I2C_1_SCL (bidir start point)
p:I2C_1_SDA (bidir end point)
p:I2C_1_SDA (bidir start point)
p:M2_W_DISABLE1
p:M2_W_DISABLE2
p:ODT
p:P8[3] (bidir end point)
p:P8[3] (bidir start point)
p:P8[4] (bidir end point)
p:P8[4] (bidir start point)
p:P8[5] (bidir end point)
p:P8[5] (bidir start point)
p:P8[6] (bidir end point)
p:P8[6] (bidir start point)
p:P8[7] (bidir end point)
p:P8[7] (bidir start point)
p:P8[8] (bidir end point)
p:P8[8] (bidir start point)
p:P8[9] (bidir end point)
p:P8[9] (bidir start point)
p:P8[10] (bidir end point)
p:P8[10] (bidir start point)
p:P8[11] (bidir end point)
p:P8[11] (bidir start point)
p:P8[12] (bidir end point)
p:P8[12] (bidir start point)
p:P8[13] (bidir end point)
p:P8[13] (bidir start point)
p:P8[14] (bidir end point)
p:P8[14] (bidir start point)
p:P8[15] (bidir end point)
p:P8[15] (bidir start point)
p:P8[16] (bidir end point)
p:P8[16] (bidir start point)
p:P8[17] (bidir end point)
p:P8[17] (bidir start point)
p:P8[18] (bidir end point)
p:P8[18] (bidir start point)
p:P8[19] (bidir end point)
p:P8[19] (bidir start point)
p:P8[20] (bidir end point)
p:P8[20] (bidir start point)
p:P8[21] (bidir end point)
p:P8[21] (bidir start point)
p:P8[22] (bidir end point)
p:P8[22] (bidir start point)
p:P8[23] (bidir end point)
p:P8[23] (bidir start point)
p:P8[24] (bidir end point)
p:P8[24] (bidir start point)
p:P8[25] (bidir end point)
p:P8[25] (bidir start point)
p:P8[26] (bidir end point)
p:P8[26] (bidir start point)
p:P8[27] (bidir end point)
p:P8[27] (bidir start point)
p:P8[28] (bidir end point)
p:P8[28] (bidir start point)
p:P8[29] (bidir end point)
p:P8[29] (bidir start point)
p:P8[30] (bidir end point)
p:P8[30] (bidir start point)
p:P8[31] (bidir end point)
p:P8[31] (bidir start point)
p:P8[32] (bidir end point)
p:P8[32] (bidir start point)
p:P8[33] (bidir end point)
p:P8[33] (bidir start point)
p:P8[34] (bidir end point)
p:P8[34] (bidir start point)
p:P8[35] (bidir end point)
p:P8[35] (bidir start point)
p:P8[36] (bidir end point)
p:P8[36] (bidir start point)
p:P8[37] (bidir end point)
p:P8[37] (bidir start point)
p:P8[38] (bidir end point)
p:P8[38] (bidir start point)
p:P8[39] (bidir end point)
p:P8[39] (bidir start point)
p:P8[40] (bidir end point)
p:P8[40] (bidir start point)
p:P8[41] (bidir end point)
p:P8[41] (bidir start point)
p:P8[42] (bidir end point)
p:P8[42] (bidir start point)
p:P8[43] (bidir end point)
p:P8[43] (bidir start point)
p:P8[44] (bidir end point)
p:P8[44] (bidir start point)
p:P8[45] (bidir end point)
p:P8[45] (bidir start point)
p:P8[46] (bidir end point)
p:P8[46] (bidir start point)
p:P9[11] (bidir end point)
p:P9[11] (bidir start point)
p:P9[12] (bidir end point)
p:P9[12] (bidir start point)
p:P9[13] (bidir end point)
p:P9[13] (bidir start point)
p:P9[14] (bidir end point)
p:P9[14] (bidir start point)
p:P9[15] (bidir end point)
p:P9[15] (bidir start point)
p:P9[16] (bidir end point)
p:P9[16] (bidir start point)
p:P9[17] (bidir end point)
p:P9[17] (bidir start point)
p:P9[18] (bidir end point)
p:P9[18] (bidir start point)
p:P9[19] (bidir end point)
p:P9[19] (bidir start point)
p:P9[20] (bidir end point)
p:P9[20] (bidir start point)
p:P9[21] (bidir end point)
p:P9[21] (bidir start point)
p:P9[22] (bidir end point)
p:P9[22] (bidir start point)
p:P9[23] (bidir end point)
p:P9[23] (bidir start point)
p:P9[24] (bidir end point)
p:P9[24] (bidir start point)
p:P9[25] (bidir end point)
p:P9[25] (bidir start point)
p:P9[26] (bidir end point)
p:P9[26] (bidir start point)
p:P9[27] (bidir end point)
p:P9[27] (bidir start point)
p:P9[28] (bidir end point)
p:P9[28] (bidir start point)
p:P9[29] (bidir end point)
p:P9[29] (bidir start point)
p:P9[30] (bidir end point)
p:P9[30] (bidir start point)
p:P9[31] (bidir end point)
p:P9[31] (bidir start point)
p:P9_41 (bidir end point)
p:P9_41 (bidir start point)
p:P9_42
p:PHY_INTn
p:PHY_MDC
p:PHY_MDIO (bidir end point)
p:PHY_MDIO (bidir start point)
p:PHY_RSTn
p:REFCLK
p:REFCLK_N
p:RESET_N
p:SD_CARD_CS
p:SD_DET
p:SGMII_RX0_N
p:SGMII_RX0_P
p:SGMII_RX1_N
p:SGMII_RX1_P
p:SGMII_TX0_N
p:SGMII_TX0_P
p:SGMII_TX1_N
p:SGMII_TX1_P
p:UART0_RXD
p:UART0_TXD
p:USB0_CLK
p:USB0_DATA[0] (bidir end point)
p:USB0_DATA[0] (bidir start point)
p:USB0_DATA[1] (bidir end point)
p:USB0_DATA[1] (bidir start point)
p:USB0_DATA[2] (bidir end point)
p:USB0_DATA[2] (bidir start point)
p:USB0_DATA[3] (bidir end point)
p:USB0_DATA[3] (bidir start point)
p:USB0_DATA[4] (bidir end point)
p:USB0_DATA[4] (bidir start point)
p:USB0_DATA[5] (bidir end point)
p:USB0_DATA[5] (bidir start point)
p:USB0_DATA[6] (bidir end point)
p:USB0_DATA[6] (bidir start point)
p:USB0_DATA[7] (bidir end point)
p:USB0_DATA[7] (bidir start point)
p:USB0_DIR
p:USB0_NXT
p:USB0_OCn
p:USB0_RESETB
p:USB0_STP
p:USER_BUTTON
p:VIO_ENABLE


Inapplicable constraints
************************

create_clock -name CLOCKS_AND_RESETS_inst_0/OSCILLATOR_160MHz_inst_0/OSCILLATOR_160MHz_0/I_OSC_160/CLK -period 6.25 [get_pins { CLOCKS_AND_RESETS_inst_0.OSCILLATOR_160MHz_inst_0.OSCILLATOR_160MHz_0.I_OSC_160.CLK }]
	@E:MT661:"/home/livan/gateware/gateware/work/libero/designer/MY_CUSTOM_FPGA_DESIGN_709E0BD6/synthesis.fdc":8:0:8:0|Clock CLOCKS_AND_RESETS_inst_0/OSCILLATOR_160MHz_inst_0/OSCILLATOR_160MHz_0/I_OSC_160/CLK is overridden on all sources and thus undefined.
	@W:MT655:"/home/livan/gateware/gateware/work/libero/designer/MY_CUSTOM_FPGA_DESIGN_709E0BD6/synthesis.fdc":8:0:8:0|Clock CLOCKS_AND_RESETS_inst_0/OSCILLATOR_160MHz_inst_0/OSCILLATOR_160MHz_0/I_OSC_160/CLK is overridden on source cell instance pin CLOCKS_AND_RESETS_inst_0.OSCILLATOR_160MHz_inst_0.OSCILLATOR_160MHz_0.I_OSC_160.CLK by clock osc_rc160mhz.

Applicable constraints with issues
**********************************

(none)


Constraints with matching wildcard expressions
**********************************************

(none)


Library Report
**************


# End of Constraint Checker Report
