
Copyright (C) 1994-2023 Synopsys, Inc.
This Synopsys software and all associated documentation are proprietary to Synopsys, Inc.
and may only be used pursuant to the terms and conditions of a written license agreement
with Synopsys, Inc. All other use, reproduction, modification, or distribution of the
Synopsys software or the associated documentation is strictly prohibited.
Tool: Synplify Pro (R)
Build: V-2023.09M-5
Install: /home/livan/Microchip/Libero_SoC_2025.1/Libero_SoC/Synplify_Pro
OS: Ubuntu 24.04.4 LTS
Hostname: libero-VMware-Virtual-Platform
max virtual memory: unlimited (bytes)
max user processes: 31242
max stack size: 8388608 (bytes)


Implementation : synthesis

# Written on Sat Jul 11 00:49:04 2026

##### FILES SYNTAX CHECKED ##############################################
Constraint File(s):      "/home/livan/gateware/gateware/work/libero/designer/MY_CUSTOM_FPGA_DESIGN_709E0BD6/synthesis.fdc"

#Run constraint checker to find more issues with constraints.
#########################################################################



No issues found in constraint syntax.



Clock Summary
*************

          Start                                                                      Requested     Requested     Clock                             Clock                Clock
Level     Clock                                                                      Frequency     Period        Type                              Group                Load 
-----------------------------------------------------------------------------------------------------------------------------------------------------------------------------
0 -       osc_rc160mhz                                                               170.4 MHz     5.869         declared                          default_clkgroup     2    
1 .         CLOCKS_AND_RESETS_inst_0/FPGA_CCC_C0_0/FPGA_CCC_C0_0/pll_inst_0/OUT3     53.3 MHz      18.779        generated (from osc_rc160mhz)     FIC3_clks            2505 
1 .         CLOCKS_AND_RESETS_inst_0/FPGA_CCC_C0_0/FPGA_CCC_C0_0/pll_inst_0/OUT0     133.1 MHz     7.512         generated (from osc_rc160mhz)     FIC0_clks            17   
1 .         CLOCKS_AND_RESETS_inst_0/FPGA_CCC_C0_0/FPGA_CCC_C0_0/pll_inst_0/OUT1     133.1 MHz     7.512         generated (from osc_rc160mhz)     FIC1_clks            1    
1 .         CLOCKS_AND_RESETS_inst_0/FPGA_CCC_C0_0/FPGA_CCC_C0_0/pll_inst_0/OUT2     133.1 MHz     7.512         generated (from osc_rc160mhz)     FIC2_clks            1    
1 .         CLOCKS_AND_RESETS_inst_0/PF_CCC_ADC_0/PF_CCC_ADC_0/pll_inst_0/OUT0       5.2 MHz       191.041       generated (from osc_rc160mhz)     default_clkgroup     0    
=============================================================================================================================================================================


Clock Load Summary
******************

                                                                         Clock     Source                                                                                                Clock Pin                                                                   Non-clock Pin     Non-clock Pin                                                                              
Clock                                                                    Load      Pin                                                                                                   Seq Example                                                                 Seq Example       Comb Example                                                                               
----------------------------------------------------------------------------------------------------------------------------------------------------------------------------------------------------------------------------------------------------------------------------------------------------------------------------------------------------------------------------------
osc_rc160mhz                                                             2         CLOCKS_AND_RESETS_inst_0.OSCILLATOR_160MHz_inst_0.OSCILLATOR_160MHz_0.I_OSC_160.CLK(OSC_RC160MHZ)     CLOCKS_AND_RESETS_inst_0.PF_CCC_ADC_0.PF_CCC_ADC_0.pll_inst_0.REF_CLK_0     -                 CLOCKS_AND_RESETS_inst_0.OSCILLATOR_160MHz_inst_0.OSCILLATOR_160MHz_0.I_OSC_160_INT.I(BUFG)
CLOCKS_AND_RESETS_inst_0/FPGA_CCC_C0_0/FPGA_CCC_C0_0/pll_inst_0/OUT3     2505      CLOCKS_AND_RESETS_inst_0.FPGA_CCC_C0_0.FPGA_CCC_C0_0.pll_inst_0.OUT3(PLL)                             CLOCKS_AND_RESETS_inst_0.FIC_3_RESET_0.CORERESET_0.dff_0[0].C               -                 CLOCKS_AND_RESETS_inst_0.FPGA_CCC_C0_0.FPGA_CCC_C0_0.clkint_12.I(BUFG)                     
CLOCKS_AND_RESETS_inst_0/FPGA_CCC_C0_0/FPGA_CCC_C0_0/pll_inst_0/OUT0     17        CLOCKS_AND_RESETS_inst_0.FPGA_CCC_C0_0.FPGA_CCC_C0_0.pll_inst_0.OUT0(PLL)                             CLOCKS_AND_RESETS_inst_0.FIC_0_RESET.CORERESET_0.dff_0[0].C                 -                 CLOCKS_AND_RESETS_inst_0.FPGA_CCC_C0_0.FPGA_CCC_C0_0.clkint_0.I(BUFG)                      
CLOCKS_AND_RESETS_inst_0/FPGA_CCC_C0_0/FPGA_CCC_C0_0/pll_inst_0/OUT1     1         CLOCKS_AND_RESETS_inst_0.FPGA_CCC_C0_0.FPGA_CCC_C0_0.pll_inst_0.OUT1(PLL)                             BVF_RISCV_SUBSYSTEM_inst_0.PF_SOC_MSS_inst_0.I_MSS.FIC_1_ACLK               -                 CLOCKS_AND_RESETS_inst_0.FPGA_CCC_C0_0.FPGA_CCC_C0_0.clkint_4.I(BUFG)                      
CLOCKS_AND_RESETS_inst_0/FPGA_CCC_C0_0/FPGA_CCC_C0_0/pll_inst_0/OUT2     1         CLOCKS_AND_RESETS_inst_0.FPGA_CCC_C0_0.FPGA_CCC_C0_0.pll_inst_0.OUT2(PLL)                             BVF_RISCV_SUBSYSTEM_inst_0.PF_SOC_MSS_inst_0.I_MSS.FIC_2_ACLK               -                 CLOCKS_AND_RESETS_inst_0.FPGA_CCC_C0_0.FPGA_CCC_C0_0.clkint_8.I(BUFG)                      
CLOCKS_AND_RESETS_inst_0/PF_CCC_ADC_0/PF_CCC_ADC_0/pll_inst_0/OUT0       0         CLOCKS_AND_RESETS_inst_0.PF_CCC_ADC_0.PF_CCC_ADC_0.pll_inst_0.OUT0(PLL)                               -                                                                           -                 CLOCKS_AND_RESETS_inst_0.PF_CCC_ADC_0.PF_CCC_ADC_0.clkint_0.I(BUFG)                        
==================================================================================================================================================================================================================================================================================================================================================================================
