{
"Synplify Pro (R) Job Log" : {
	"Date" : "07:18:58    12-Jul-2026",
	"Working Directory" : "/home/livan/gateware/gateware/work/libero/synthesis",
	"CDPL Log file" : "-",
	"Install" : "/home/livan/Microchip/Libero_SoC_2025.1/Libero_SoC/Synplify_Pro"
},
"synthesis" :{
   "Job Flow" : "Sequential",
   "Start Time" : "07:18:06",
   "Runtime" : "52s",
   "Executable Run Time" : "51s",
   "synthesis" : {
      "Job Flow" : "Sequential",
      "Start Time" : "07:18:06",
      "Runtime" : "52s",
      "Executable Run Time" : "51s",
      "compile" : {
         "Job Flow" : "Sequential",
         "Start Time" : "07:18:06",
         "Runtime" : "16s",
         "Executable Run Time" : "15s",
         "compile_flow" : {
            "Job Flow" : "Sequential",
            "Start Time" : "07:18:06",
            "Runtime" : "07s",
            "Executable Run Time" : "06s",
            "compiler" : {
               "executable" : "bin/c_hdl",
               "Run Directory" : "/home/livan/gateware/gateware/work/libero/synthesis",
               "Run State" : "Complete",
               "Return Code" : "0",
               "Has Errors" : "no",
               "Run Start Time" : "07:18:06",
               "Run Time" : "06s",
               "Exe Run Time" : "05s",
               "Memory Usage" : "2.812000",
               "CDPL" : "off",
               "Up-to-date (run skipped)" : "no"
            },
            "multi_srs_gen" : {
               "executable" : "bin/syn_nfilter",
               "Run Directory" : "/home/livan/gateware/gateware/work/libero/synthesis",
               "Run State" : "Complete",
               "Return Code" : "0",
               "Has Errors" : "no",
               "Run Start Time" : "07:18:12",
               "Run Time" : "01s",
               "Exe Run Time" : "01s",
               "Memory Usage" : "2.812000",
               "CDPL" : "off",
               "Up-to-date (run skipped)" : "no"
            }
         },
         "premap" : {
            "executable" : "bin/m_generic",
            "Run Directory" : "/home/livan/gateware/gateware/work/libero/synthesis",
            "Run State" : "Complete",
            "Return Code" : "1",
            "Has Errors" : "no",
            "Run Start Time" : "07:18:13",
            "Run Time" : "09s",
            "Exe Run Time" : "09s",
            "Memory Usage" : "2.816000",
            "CDPL" : "off",
            "Up-to-date (run skipped)" : "no"
         }
      },
      "map" : {
         "Job Flow" : "Sequential",
         "Start Time" : "07:18:22",
         "Runtime" : "36s",
         "Executable Run Time" : "36s",
         "fpga_mapper" : {
            "executable" : "bin/m_generic",
            "Run Directory" : "/home/livan/gateware/gateware/work/libero/synthesis",
            "Run State" : "Complete",
            "Return Code" : "1",
            "Has Errors" : "no",
            "Run Start Time" : "07:18:22",
            "Run Time" : "36s",
            "Exe Run Time" : "36s",
            "Memory Usage" : "2.816000",
            "CDPL" : "off",
            "Up-to-date (run skipped)" : "no"
         }
      }
   }
}
}