Compile Report
Microchip Technology Inc. - Microchip Libero Software Release 2025.1 (Version 2025.1.0.14)
Date: Sat Jul 11 00:50:29 2026

Device Selection
+------------------------+--------------+
| Family                 | PolarFireSoC |
| Device                 | MPFS025T     |
| Package                | FCVG484      |
| Speed Grade            | STD          |
| Core Voltage           | 1.0V         |
| Part Range             | EXT          |
| Default I/O technology | LVCMOS 1.8V  |
+------------------------+--------------+

Source Files
+---------+---------------------------------------------------------------------------------------+
| Topcell | MY_CUSTOM_FPGA_DESIGN_709E0BD6                                                        |
| Format  | Verilog                                                                               |
| Source  | /home/livan/gateware/gateware/work/libero/synthesis/MY_CUSTOM_FPGA_DESIGN_709E0BD6.vm |
+---------+---------------------------------------------------------------------------------------+

Options
+----------------------------------------------------+----+
| Limit the number of high fanout nets to display to | 10 |
+----------------------------------------------------+----+

Resource Usage
+-----------------------------+------+-------+------------+
| Type                        | Used | Total | Percentage |
+-----------------------------+------+-------+------------+
| 4LUT                        | 4489 | 22956 | 19.55      |
| DFF                         | 3305 | 22956 | 14.40      |
| User I/O                    | 75   | 108   | 69.44      |
| -- Single-ended I/O         | 75   | 108   | 69.44      |
| -- Differential I/O Pairs   | 0    | 54    | 0.00       |
| -- I/Os using I/O Registers | 0    | 108   | 0.00       |
| I/O Register Flip-Flops     | 0    | 324   | 0.00       |
| -- Input  I/O Flip-Flops    | 0    | 108   | 0.00       |
| -- Output I/O Flip-Flops    | 0    | 108   | 0.00       |
| -- Enable I/O Flip-Flops    | 0    | 108   | 0.00       |
| uSRAM                       | 0    | 204   | 0.00       |
| LSRAM                       | 2    | 84    | 2.38       |
| Math                        | 0    | 68    | 0.00       |
| H-Chip Global               | 7    | 24    | 29.17      |
| PLL                         | 2    | 8     | 25.00      |
| DLL                         | 0    | 8     | 0.00       |
| CRN_INT                     | 2    | 24    | 8.33       |
| INIT                        | 1    | 1     | 100.00     |
| OSC_RC160MHZ                | 1    | 1     | 100.00     |
| Transceiver Lanes           | 0    | 4     | 0.00       |
| Transceiver PCIe            | 0    | 2     | 0.00       |
| ICB_CLKINT                  | 6    | 44    | 13.64      |
| MSS                         | 1    | 1     | 100.00     |
| MSS I/O                     | 104  | 136   | 76.47      |
+-----------------------------+------+-------+------------+

Detailed Logic Resource Usage
+-----------------------+------+------+
| Type                  | 4LUT | DFF  |
+-----------------------+------+------+
| Fabric Logic          | 4417 | 3233 |
| uSRAM Interface Logic | 0    | 0    |
| LSRAM Interface Logic | 72   | 72   |
| Math Interface Logic  | 0    | 0    |
| Total Used            | 4489 | 3305 |
+-----------------------+------+------+

Detailed Carry Chains Resource Usage
+--------+------+
| Length | Used |
| 5      | 1    |
| 8      | 12   |
| 9      | 6    |
| 17     | 20   |
| 29     | 1    |
| 32     | 1    |
| 33     | 16   |
| Total  | 57   |
+--------+------+

Detailed 4LUT Groups Resource Usage
+--------+------+
| Length | Used |
| 2      | 78   |
| 5      | 20   |
| 10     | 8    |
| Total  | 106  |
+--------+------+

I/O Function
+-------------------------------+--------------+-------------+-----------------+
| Type                          | w/o register | w/ register | w/ DDR register |
+-------------------------------+--------------+-------------+-----------------+
| Input I/O                     | 2            | 0           | 0               |
| Output I/O                    | 7            | 0           | 0               |
| Bidirectional I/O             | 66           | 0           | 0               |
| Differential Input I/O Pairs  | 0            | 0           | 0               |
| Differential Output I/O Pairs | 0            | 0           | 0               |
+-------------------------------+--------------+-------------+-----------------+

Nets assigned to chip global resources
+--------+---------+-----------------------------------------------------------------------------------------------------+
| Fanout | Type    | Name                                                                                                |
+--------+---------+-----------------------------------------------------------------------------------------------------+
| 2437   | INT_NET | Net   : CLOCKS_AND_RESETS_FIC_3_PCLK                                                                |
|        |         | Driver: CLOCKS_AND_RESETS_inst_0/FPGA_CCC_C0_0/FPGA_CCC_C0_0/clkint_12/U0_RGB1                      |
|        |         | Source: NETLIST                                                                                     |
| 2418   | INT_NET | Net   : dff_arst                                                                                    |
|        |         | Driver: CLOCKS_AND_RESETS_inst_0/FIC_3_RESET_0/CORERESET_0/dff_15_rep_RNIFR0K5[0]/U0_RGB1           |
|        |         | Source: NETLIST                                                                                     |
| 17     | INT_NET | Net   : CLOCKS_AND_RESETS_FIC_0_ACLK                                                                |
|        |         | Driver: CLOCKS_AND_RESETS_inst_0/FPGA_CCC_C0_0/FPGA_CCC_C0_0/clkint_0/U0_RGB1                       |
|        |         | Source: NETLIST                                                                                     |
| 2      | INT_NET | Net   : CLOCKS_AND_RESETS_inst_0/RCOSC_160MHZ_GL                                                    |
|        |         | Driver: CLOCKS_AND_RESETS_inst_0/OSCILLATOR_160MHz_inst_0/OSCILLATOR_160MHz_0/I_OSC_160_INT/U0_RGB1 |
|        |         | Source: NETLIST                                                                                     |
| 1      | INT_NET | Net   : ADC_MCLK_c                                                                                  |
|        |         | Driver: CLOCKS_AND_RESETS_inst_0/PF_CCC_ADC_0/PF_CCC_ADC_0/clkint_0/U0_RGB1                         |
|        |         | Source: NETLIST                                                                                     |
| 1      | INT_NET | Net   : CLOCKS_AND_RESETS_FIC_2_ACLK                                                                |
|        |         | Driver: CLOCKS_AND_RESETS_inst_0/FPGA_CCC_C0_0/FPGA_CCC_C0_0/clkint_8/U0_RGB1                       |
|        |         | Source: NETLIST                                                                                     |
| 1      | INT_NET | Net   : CLOCKS_AND_RESETS_FIC_1_ACLK                                                                |
|        |         | Driver: CLOCKS_AND_RESETS_inst_0/FPGA_CCC_C0_0/FPGA_CCC_C0_0/clkint_4/U0_RGB1                       |
|        |         | Source: NETLIST                                                                                     |
+--------+---------+-----------------------------------------------------------------------------------------------------+

Nets assigned to row global resources
+--------+------+------+
| Fanout | Type | Name |
+--------+------+------+
+--------+------+------+

High fanout nets
+--------+---------+-------------------------------------------------------------------------------------------------------------------------------+
| Fanout | Type    | Name                                                                                                                          |
+--------+---------+-------------------------------------------------------------------------------------------------------------------------------+
| 964    | INT_NET | Net   : CFG0_GND_INST_NET                                                                                                     |
|        |         | Driver: CFG0_GND_INST                                                                                                         |
| 569    | INT_NET | Net   : CAPE_inst_0/XBAR_0/CAPE_AXI_XBAR_0/arst_aclk_sync_genblk1_sync_ff[2]                                                  |
|        |         | Driver: CAPE_inst_0/XBAR_0/CAPE_AXI_XBAR_0/arst_aclk_sync/genblk1.sync_ff[2]                                                  |
| 433    | INT_NET | Net   : BVF_RISCV_SUBSYSTEM_CAPE_APB_MTARGET_PADDR[2]                                                                         |
|        |         | Driver: BVF_RISCV_SUBSYSTEM_inst_0/PF_SOC_MSS_inst_0/I_MSS                                                                    |
| 312    | INT_NET | Net   : BVF_RISCV_SUBSYSTEM_CAPE_APB_MTARGET_PADDR[4]                                                                         |
|        |         | Driver: BVF_RISCV_SUBSYSTEM_inst_0/PF_SOC_MSS_inst_0/I_MSS                                                                    |
| 283    | INT_NET | Net   : BVF_RISCV_SUBSYSTEM_CAPE_APB_MTARGET_PADDR[3]                                                                         |
|        |         | Driver: BVF_RISCV_SUBSYSTEM_inst_0/PF_SOC_MSS_inst_0/I_MSS                                                                    |
| 128    | INT_NET | Net   : CAPE_inst_0/PWM_1/corepwm_C1_0/corepwm_C1_0/genblk3.corepwm_reg_if/N_46_i                                             |
|        |         | Driver: CAPE_inst_0/PWM_1/corepwm_C1_0/corepwm_C1_0/genblk3.corepwm_reg_if/gen_pos_neg_regs[1].un1_period_cnt_cry_31_RNIGMQ19 |
| 128    | INT_NET | Net   : CAPE_inst_0/PWM_2/corepwm_C1_0/corepwm_C1_0/genblk3.corepwm_reg_if/N_46_i                                             |
|        |         | Driver: CAPE_inst_0/PWM_2/corepwm_C1_0/corepwm_C1_0/genblk3.corepwm_reg_if/gen_pos_neg_regs[1].un1_period_cnt_cry_31_RNIJVEB6 |
| 128    | INT_NET | Net   : CAPE_inst_0/PWM_0/corepwm_C1_0/corepwm_C1_0/genblk3.corepwm_reg_if/pwm_posedge_reg8                                   |
|        |         | Driver: CAPE_inst_0/PWM_0/corepwm_C1_0/corepwm_C1_0/genblk3.corepwm_reg_if/gen_pos_neg_regs[1].pwm_posedge_reg8_0_a3          |
| 127    | INT_NET | Net   : BVF_RISCV_SUBSYSTEM_CAPE_APB_MTARGET_PADDR[5]                                                                         |
|        |         | Driver: BVF_RISCV_SUBSYSTEM_inst_0/PF_SOC_MSS_inst_0/I_MSS                                                                    |
| 100    | INT_NET | Net   : BVF_RISCV_SUBSYSTEM_CAPE_APB_MTARGET_PWDATA[0]                                                                        |
|        |         | Driver: BVF_RISCV_SUBSYSTEM_inst_0/PF_SOC_MSS_inst_0/I_MSS                                                                    |
+--------+---------+-------------------------------------------------------------------------------------------------------------------------------+

High fanout nets (through buffer trees)
+--------+---------+-------------------------------------------------------------------------------------------------------------------------------+
| Fanout | Type    | Name                                                                                                                          |
+--------+---------+-------------------------------------------------------------------------------------------------------------------------------+
| 964    | INT_NET | Net   : CFG0_GND_INST_NET                                                                                                     |
|        |         | Driver: CFG0_GND_INST                                                                                                         |
| 569    | INT_NET | Net   : CAPE_inst_0/XBAR_0/CAPE_AXI_XBAR_0/arst_aclk_sync_genblk1_sync_ff[2]                                                  |
|        |         | Driver: CAPE_inst_0/XBAR_0/CAPE_AXI_XBAR_0/arst_aclk_sync/genblk1.sync_ff[2]                                                  |
| 433    | INT_NET | Net   : BVF_RISCV_SUBSYSTEM_CAPE_APB_MTARGET_PADDR[2]                                                                         |
|        |         | Driver: BVF_RISCV_SUBSYSTEM_inst_0/PF_SOC_MSS_inst_0/I_MSS                                                                    |
| 312    | INT_NET | Net   : BVF_RISCV_SUBSYSTEM_CAPE_APB_MTARGET_PADDR[4]                                                                         |
|        |         | Driver: BVF_RISCV_SUBSYSTEM_inst_0/PF_SOC_MSS_inst_0/I_MSS                                                                    |
| 283    | INT_NET | Net   : BVF_RISCV_SUBSYSTEM_CAPE_APB_MTARGET_PADDR[3]                                                                         |
|        |         | Driver: BVF_RISCV_SUBSYSTEM_inst_0/PF_SOC_MSS_inst_0/I_MSS                                                                    |
| 128    | INT_NET | Net   : CAPE_inst_0/PWM_1/corepwm_C1_0/corepwm_C1_0/genblk3.corepwm_reg_if/N_46_i                                             |
|        |         | Driver: CAPE_inst_0/PWM_1/corepwm_C1_0/corepwm_C1_0/genblk3.corepwm_reg_if/gen_pos_neg_regs[1].un1_period_cnt_cry_31_RNIGMQ19 |
| 128    | INT_NET | Net   : CAPE_inst_0/PWM_2/corepwm_C1_0/corepwm_C1_0/genblk3.corepwm_reg_if/N_46_i                                             |
|        |         | Driver: CAPE_inst_0/PWM_2/corepwm_C1_0/corepwm_C1_0/genblk3.corepwm_reg_if/gen_pos_neg_regs[1].un1_period_cnt_cry_31_RNIJVEB6 |
| 128    | INT_NET | Net   : CAPE_inst_0/PWM_0/corepwm_C1_0/corepwm_C1_0/genblk3.corepwm_reg_if/pwm_posedge_reg8                                   |
|        |         | Driver: CAPE_inst_0/PWM_0/corepwm_C1_0/corepwm_C1_0/genblk3.corepwm_reg_if/gen_pos_neg_regs[1].pwm_posedge_reg8_0_a3          |
| 127    | INT_NET | Net   : BVF_RISCV_SUBSYSTEM_CAPE_APB_MTARGET_PADDR[5]                                                                         |
|        |         | Driver: BVF_RISCV_SUBSYSTEM_inst_0/PF_SOC_MSS_inst_0/I_MSS                                                                    |
| 100    | INT_NET | Net   : BVF_RISCV_SUBSYSTEM_CAPE_APB_MTARGET_PWDATA[0]                                                                        |
|        |         | Driver: BVF_RISCV_SUBSYSTEM_inst_0/PF_SOC_MSS_inst_0/I_MSS                                                                    |
+--------+---------+-------------------------------------------------------------------------------------------------------------------------------+

