INFO: Reading User SDC file /home/livan/gateware/gateware/work/libero/constraint/MY_CUSTOM_FPGA_DESIGN_709E0BD6_derived_constraints.sdc.
INFO: Reading User SDC file /home/livan/gateware/gateware/work/libero/constraint/fic_clocks.sdc.
INFO: The option "Abort flow if errors are found in SDC" is turned ON in Project Settings> Design flow page. The Place & Route tool will fail if errors are found in associated SDC files. Please uncheck the option to ignore the errors and continue running the tool.

No errors or warnings found.
INFO: The option "Abort flow if errors are found in PDC" is turned ON in Project Settings> Design flow page. The Place & Route tool will fail if errors are found in associated PDC files. Please uncheck the option to ignore the errors and continue running the tool
***** Place and Route Configurations *****
Timing-driven            : ON
Power-driven             : OFF
I/O Register Combining   : OFF
Global Pins Demotion     : ON
Driver Replication       : OFF
High-effort              : OFF
Repair min-delay         : OFF
Incremental              : OFF
Inter-clock optimization : ON

INFO: Reading User PDC file /home/livan/gateware/gateware/work/libero/constraint/io/base_design.pdc. 0 error(s) and 0 warning(s)
INFO: Reading User PDC file /home/livan/gateware/gateware/work/libero/constraint/io/cape.pdc. 0 error(s) and 0 warning(s)
INFO: Reading User PDC file /home/livan/gateware/gateware/work/libero/constraint/io/M2.pdc. 0 error(s) and 0 warning(s)
INFO: Reading User PDC file /home/livan/gateware/gateware/work/libero/constraint/io/SYZYGY.pdc. 0 error(s) and 0 warning(s)
INFO: Reading User PDC file /home/livan/gateware/gateware/work/libero/constraint/io/MIPI_CSI_INTERFACE.pdc. 0 error(s) and 0 warning(s)
INFO: Reading User PDC file /home/livan/gateware/gateware/work/libero/constraint/fp/NW_PLL.pdc. 0 error(s) and 0 warning(s)
INFO: Reading User PDC file /home/livan/gateware/gateware/work/libero/constraint/fp/SYZYGY.pdc. 0 error(s) and 0 warning(s)

 Running Timing based Global Demotion.
        Demoted 0 global pins.

 Timing based Global Demotion completed successfully.

Running the I/O Bank and Globals Assigner.
Info:  I/O Bank and Globals Assigner identified 85 fixed I/O macros, 0 unfixed I/O macros
Info:  I/O Bank and Globals Assigner identified bank 'Bank1' as being fixed at VCCI:3.30V VCCR:n/a
Info:  I/O Bank and Globals Assigner detected (1) out of (5) I/O Bank(s) with locked I/O technologies.

I/O Bank and Globals Assigner completed successfully.
Total time spent in I/O Bank and Globals Assigner: 1 seconds

Placer V5.0 - 2025.1.0
Design: MY_CUSTOM_FPGA_DESIGN_709E0BD6  Started: Sat Jul 11 00:50:58 2026

Initializing Normal-Effort Timing-Driven Placement ...
WARNING: Same source "CLOCKS_AND_RESETS_inst_0/OSCILLATOR_160MHz_inst_0/OSCILLATOR_160MHz_0/I_OSC_160/CLK" is used for clocks "CLOCKS_AND_RESETS_inst_0/OSCILLATOR_160MHz_inst_0/OSCILLATOR_160MHz_0/I_OSC_160/CLK" and "osc_rc160mhz"
WARNING: Ignoring source "CLOCKS_AND_RESETS_inst_0/OSCILLATOR_160MHz_inst_0/OSCILLATOR_160MHz_0/I_OSC_160/CLK" for clock "CLOCKS_AND_RESETS_inst_0/OSCILLATOR_160MHz_inst_0/OSCILLATOR_160MHz_0/I_OSC_160/CLK"
WARNING: Ignoring Duplicate Constraint at /home/livan/gateware/gateware/work/libero/designer/MY_CUSTOM_FPGA_DESIGN_709E0BD6/MY_CUSTOM_FPGA_DESIGN_709E0BD6.dtf/constraints.sdc:8
WARNING: Overriding the duplicate clock "CLOCKS_AND_RESETS_inst_0/OSCILLATOR_160MHz_inst_0/OSCILLATOR_160MHz_0/I_OSC_160/CLK" with clock "osc_rc160mhz"
Clustering ...
Placing ...
Improving placement ...
End of placement.

Placer Runtime Summary   :
Clustering (1 pass)      : 1 seconds
Placement                : 4 seconds
Improvement              : 18 seconds

Placer completed successfully.

Design: MY_CUSTOM_FPGA_DESIGN_709E0BD6
Finished: Sat Jul 11 00:51:57 2026
Total CPU Time:     00:01:01            Total Elapsed Time: 00:00:59
Total Memory Usage: 1222.8 Mbytes
                        o - o - o - o - o - o


Router
Design: MY_CUSTOM_FPGA_DESIGN_709E0BD6  Started: Sat Jul 11 00:52:05 2026


Router completed successfully.

Design: MY_CUSTOM_FPGA_DESIGN_709E0BD6
Finished: Sat Jul 11 00:52:10 2026
Total CPU Time:     00:00:04            Total Elapsed Time: 00:00:05
Total Memory Usage: 745.9 Mbytes
                        o - o - o - o - o - o

Resource Usage
+---------------------------+------+-------+------------+
| Type                      | Used | Total | Percentage |
+---------------------------+------+-------+------------+
| 4LUT                      | 4489 | 22956 | 19.55      |
| DFF                       | 3305 | 22956 | 14.40      |
| Logic Element             | 5162 | 22956 | 22.49      |
| I/Os using I/O Registers  | 0    | 108   | 0.00       |
| I/O Register Flip-Flops   | 0    | 324   | 0.00       |
| -- Input  I/O Flip-Flops  | 0    | 108   | 0.00       |
| -- Output I/O Flip-Flops  | 0    | 108   | 0.00       |
| -- Enable I/O Flip-Flops  | 0    | 108   | 0.00       |
+---------------------------+------+-------+------------+

I/O Placement
+--------+-------+------------+
| Type   | Count | Percentage |
+--------+-------+------------+
| Locked |  75   | 100.00%    |
| Placed |  0    | 0.00%      |
+--------+-------+------------+

Completed writing pin report files.
